0 info it worked if it ends with ok
1 verbose cli [ 'node', '/Users/southerd/.nvm/v0.10.32/bin/npm', 'publish' ]
2 info using npm@2.1.17
3 info using node@v0.10.32
4 verbose publish [ '.' ]
5 silly cache add args [ '.', null ]
6 verbose cache add spec .
7 silly cache add parsed spec { raw: '.',
7 silly cache add   scope: null,
7 silly cache add   name: null,
7 silly cache add   rawSpec: '.',
7 silly cache add   spec: '/Users/southerd/devel/southerd/libraries/angular-material-builds',
7 silly cache add   type: 'directory' }
8 verbose addLocalDirectory /Users/southerd/.npm/angular-material-builds/0.7.0-rc3/package.tgz not in flight; packing
9 verbose tar pack [ '/Users/southerd/.npm/angular-material-builds/0.7.0-rc3/package.tgz',
9 verbose tar pack   '/Users/southerd/devel/southerd/libraries/angular-material-builds' ]
10 verbose tarball /Users/southerd/.npm/angular-material-builds/0.7.0-rc3/package.tgz
11 verbose folder /Users/southerd/devel/southerd/libraries/angular-material-builds
12 info prepublish angular-material-builds@0.7.0-rc3
13 verbose addLocalTarball adding from inside cache /Users/southerd/.npm/angular-material-builds/0.7.0-rc3/package.tgz
14 silly cache afterAdd angular-material-builds@0.7.0-rc3
15 verbose afterAdd /Users/southerd/.npm/angular-material-builds/0.7.0-rc3/package/package.json not in flight; writing
16 verbose afterAdd /Users/southerd/.npm/angular-material-builds/0.7.0-rc3/package/package.json written
17 silly publish { name: 'angular-material-builds',
17 silly publish   version: '0.7.0-rc3',
17 silly publish   description: 'A build of Angular Material version v0.7.0-rc3 in a format that\'s friendly for \'npm install angular-material@v0.7.0-rc3\'',
17 silly publish   readme: '## bower-material\n\nThis repository contains the Bower release of [angular-material](https://github.com/angular/material).\n\n### Installing Angular-Material\n\nTo install and use the Angular Material distribution files, change to your project\'s root directory.\n\n```bash\n# To get the latest stable version, use Bower from the command line.\nbower install angular-material\n\n# To get the most recent, last committed-to-master version use:\nbower install angular-material#master \n\n# To save the bower settings for future use:\nbower install angular-material --save\n\n# Later, you can use easily update with:\nbower update\n```\n\n> Please note that using Angular Material requires **Angular 1.3.x** or higher.\n\n\n### Using the Bower-Material Library\n\nNow that you have installed [locally] the Angular libraries, simply include the scripts and stylesheet in your main HTML file:\n\n```html\n<!DOCTYPE html>\n<html>\n<head>\n    <meta name="viewport" content="initial-scale=1, maximum-scale=1, user-scalable=no" />\n    <link rel="stylesheet" href="/bower_components/angular-material/angular-material.css">\n</head>\n\t<body ng-app="YourApp">\n\n\t<div ng-controller="YourController">\n\n\t</div>\n\n\t<script src="/bower_components/angular/angular.js"></script>\n\t<script src="/bower_components/angular-aria/angular-aria.js"></script>\n\t<script src="/bower_components/angular-animate/angular-animate.js"></script>\n\t<script src="/bower_components/hammerjs/hammer.js"></script>\n\t<script src="/bower_components/angular-material/angular-material.js"></script>\n\t<script>\n\n\t\t// Include app dependency on ngMaterial\n\n\t\tangular.module( \'YourApp\', [ \'ngMaterial\' ] )\n\t\t\t.controller("YourController", YourController );\n\n\t</script>\n\n</body>\n</html>\n```\n\n#### CDN\n\nCDN versions of Angular Material are now available at [Google Hosted Libraries](https://developers.google.com/speed/libraries/devguide#angularmaterial). \n\nWith the Google CDN, you will not need to download local copies of the distribution files. Instead simply reference the CDN urls to easily use those remote library files. This is especially useful when using online tools such as CodePen, Plunkr, or jsFiddle.\n\n```html\n  <head>\n\n    <!-- Angulars Material CSS now available via Google CDN; version 0.6 used here -->\n    <link rel="stylesheet" href="//ajax.googleapis.com/ajax/libs/angular_material/0.6.1/angular-material.min.css">\n\n  </head>\n  <body>\n  \n    <!-- Angular Material Dependencies -->\n    <script src="//cdn.jsdelivr.net/hammerjs/2.0.4/hammer.min.js"></script>\n    <script src="//ajax.googleapis.com/ajax/libs/angularjs/1.3.6/angular.min.js"></script>\n    <script src="//ajax.googleapis.com/ajax/libs/angularjs/1.3.6/angular-animate.min.js"></script>\n    <script src="//ajax.googleapis.com/ajax/libs/angularjs/1.3.6/angular-aria.min.js"></script>\n    \n    <!-- Angular Material Javascript now available via Google CDN; version 0.6 used here -->\n    <script src="//ajax.googleapis.com/ajax/libs/angular_material/0.6.1/angular-material.min.js"></script>\n    \n  </body>\n```\n\n> Note that the above sample references the 0.6.1 CDN release. Your version will change based on the latest stable release version.\n\nDevelopers seeking the latest, most-current build versions can use [RawGit.com](//rawgit.com) to\npull directly from the distribution GitHub\n[Bower-Material](https://github.com/angular/bower-material) repository:\n\n```html\n  <head>\n\n    <!-- Angulars Material CSS using RawGit to load directly from `bower-material/master` -->\n    <link rel="stylesheet" href="//rawgit.com/angular/bower-material/master/angular-material.css">\n\n  </head>\n  <body>\n\n    <!-- Angular Material Dependencies -->\n    <script src="//cdn.jsdelivr.net/hammerjs/2.0.4/hammer.js"></script>\n    <script src="//ajax.googleapis.com/ajax/libs/angularjs/1.3.6/angular.js"></script>\n    <script src="//ajax.googleapis.com/ajax/libs/angularjs/1.3.6/angular-animate.js"></script>\n    <script src="//ajax.googleapis.com/ajax/libs/angularjs/1.3.6/angular-aria.js"></script>\n\n    <!-- Angular Material Javascript using RawGit to load directly from `bower-material/master` -->\n    <script src="//rawgit.com/angular/bower-material/master/angular-material.js"></script>\n\n  </body>\n```\n\n> Please note that the above RawGit access is intended **ONLY** for development purposes or sharing\n  low-traffic, temporary examples or demos with small numbers of people.\n',
17 silly publish   readmeFilename: 'README.md',
17 silly publish   gitHead: 'e0f844476014eed2109b2e627e3a8574ddb611c2',
17 silly publish   _id: 'angular-material-builds@0.7.0-rc3',
17 silly publish   scripts: {},
17 silly publish   _shasum: 'bc56c921945c689d4ad20eab3b8c74e1b2f9356d',
17 silly publish   _from: '.' }
18 silly mapToRegistry name angular-material-builds
19 silly mapToRegistry using default registry
20 silly mapToRegistry registry https://registry.npmjs.org/
21 silly mapToRegistry uri https://registry.npmjs.org/angular-material-builds
22 verbose publish registryBase https://registry.npmjs.org/
23 silly publish uploading /Users/southerd/.npm/angular-material-builds/0.7.0-rc3/package.tgz
24 verbose request uri https://registry.npmjs.org/angular-material-builds
25 verbose request sending authorization for write operation
26 info attempt registry request try #1 at 20:45:46
27 verbose request id 975ba1665ba3054a
28 http request PUT https://registry.npmjs.org/angular-material-builds
29 http 403 https://registry.npmjs.org/angular-material-builds
30 verbose headers { date: 'Sun, 25 Jan 2015 01:45:47 GMT',
30 verbose headers   server: 'CouchDB/1.5.0 (Erlang OTP/R16B03)',
30 verbose headers   'content-type': 'application/json',
30 verbose headers   'cache-control': 'max-age=60',
30 verbose headers   'content-length': '7014',
30 verbose headers   'accept-ranges': 'bytes',
30 verbose headers   via: '1.1 varnish',
30 verbose headers   'x-served-by': 'cache-jfk1023-JFK',
30 verbose headers   'x-cache': 'MISS',
30 verbose headers   'x-cache-hits': '0',
30 verbose headers   'x-timer': 'S1422150346.344111,VS0,VE1029',
30 verbose headers   'keep-alive': 'timeout=10, max=50',
30 verbose headers   connection: 'Keep-Alive' }
31 verbose request invalidating /Users/southerd/.npm/registry.npmjs.org/angular-material-builds on PUT
32 error publish Failed PUT 403
33 verbose stack Error: forbidden cannot modify pre-existing version: 0.7.0-rc3
33 verbose stack old={"name":"angular-material-builds","version":"0.7.0-rc3","description":"A build of Angular Material version 0.7.0-rc3 in a format that's friendly for 'npm install angular-material@0.7.0-rc3'","gitHead":"c82dbe8fffa9d2eedafa4937889b92fe9df9801d","_id":"angular-material-builds@0.7.0-rc3","scripts":{},"_shasum":"53a0cc69ced7874e2a5cf404159d0bc41ef7e6b5","_from":".","_npmVersion":"2.1.17","_nodeVersion":"0.10.32","_npmUser":{"name":"davidsouther","email":"davidsouther@gmail.com"},"maintainers":[{"name":"davidsouther","email":"davidsouther@gmail.com"}],"dist":{"shasum":"53a0cc69ced7874e2a5cf404159d0bc41ef7e6b5","tarball":"http://registry.npmjs.org/angular-material-builds/-/angular-material-builds-0.7.0-rc3.tgz"}}
33 verbose stack new={"name":"angular-material-builds","version":"0.7.0-rc3","description":"A build of Angular Material version v0.7.0-rc3 in a format that's friendly for 'npm install angular-material@v0.7.0-rc3'","readme":"## bower-material\u000a\u000aThis repository contains the Bower release of [angular-material](https://github.com/angular/material).\u000a\u000a### Installing Angular-Material\u000a\u000aTo install and use the Angular Material distribution files, change to your project's root directory.\u000a\u000a```bash\u000a# To get the latest stable version, use Bower from the command line.\u000abower install angular-material\u000a\u000a# To get the most recent, last committed-to-master version use:\u000abower install angular-material#master \u000a\u000a# To save the bower settings for future use:\u000abower install angular-material --save\u000a\u000a# Later, you can use easily update with:\u000abower update\u000a```\u000a\u000a> Please note that using Angular Material requires **Angular 1.3.x** or higher.\u000a\u000a\u000a### Using the Bower-Material Library\u000a\u000aNow that you have installed [locally] the Angular libraries, simply include the scripts and stylesheet in your main HTML file:\u000a\u000a```html\u000a<!DOCTYPE html>\u000a<html>\u000a<head>\u000a    <meta name=\"viewport\" content=\"initial-scale=1, maximum-scale=1, user-scalable=no\" />\u000a    <link rel=\"stylesheet\" href=\"/bower_components/angular-material/angular-material.css\">\u000a</head>\u000a\u0009<body ng-app=\"YourApp\">\u000a\u000a\u0009<div ng-controller=\"YourController\">\u000a\u000a\u0009</div>\u000a\u000a\u0009<script src=\"/bower_components/angular/angular.js\"></script>\u000a\u0009<script src=\"/bower_components/angular-aria/angular-aria.js\"></script>\u000a\u0009<script src=\"/bower_components/angular-animate/angular-animate.js\"></script>\u000a\u0009<script src=\"/bower_components/hammerjs/hammer.js\"></script>\u000a\u0009<script src=\"/bower_components/angular-material/angular-material.js\"></script>\u000a\u0009<script>\u000a\u000a\u0009\u0009// Include app dependency on ngMaterial\u000a\u000a\u0009\u0009angular.module( 'YourApp', [ 'ngMaterial' ] )\u000a\u0009\u0009\u0009.controller(\"YourController\", YourController );\u000a\u000a\u0009</script>\u000a\u000a</body>\u000a</html>\u000a```\u000a\u000a#### CDN\u000a\u000aCDN versions of Angular Material are now available at [Google Hosted Libraries](https://developers.google.com/speed/libraries/devguide#angularmaterial). \u000a\u000aWith the Google CDN, you will not need to download local copies of the distribution files. Instead simply reference the CDN urls to easily use those remote library files. This is especially useful when using online tools such as CodePen, Plunkr, or jsFiddle.\u000a\u000a```html\u000a  <head>\u000a\u000a    <!-- Angulars Material CSS now available via Google CDN; version 0.6 used here -->\u000a    <link rel=\"stylesheet\" href=\"//ajax.googleapis.com/ajax/libs/angular_material/0.6.1/angular-material.min.css\">\u000a\u000a  </head>\u000a  <body>\u000a  \u000a    <!-- Angular Material Dependencies -->\u000a    <script src=\"//cdn.jsdelivr.net/hammerjs/2.0.4/hammer.min.js\"></script>\u000a    <script src=\"//ajax.googleapis.com/ajax/libs/angularjs/1.3.6/angular.min.js\"></script>\u000a    <script src=\"//ajax.googleapis.com/ajax/libs/angularjs/1.3.6/angular-animate.min.js\"></script>\u000a    <script src=\"//ajax.googleapis.com/ajax/libs/angularjs/1.3.6/angular-aria.min.js\"></script>\u000a    \u000a    <!-- Angular Material Javascript now available via Google CDN; version 0.6 used here -->\u000a    <script src=\"//ajax.googleapis.com/ajax/libs/angular_material/0.6.1/angular-material.min.js\"></script>\u000a    \u000a  </body>\u000a```\u000a\u000a> Note that the above sample references the 0.6.1 CDN release. Your version will change based on the latest stable release version.\u000a\u000aDevelopers seeking the latest, most-current build versions can use [RawGit.com](//rawgit.com) to\u000apull directly from the distribution GitHub\u000a[Bower-Material](https://github.com/angular/bower-material) repository:\u000a\u000a```html\u000a  <head>\u000a\u000a    <!-- Angulars Material CSS using RawGit to load directly from `bower-material/master` -->\u000a    <link rel=\"stylesheet\" href=\"//rawgit.com/angular/bower-material/master/angular-material.css\">\u000a\u000a  </head>\u000a  <body>\u000a\u000a    <!-- Angular Material Dependencies -->\u000a    <script src=\"//cdn.jsdelivr.net/hammerjs/2.0.4/hammer.js\"></script>\u000a    <script src=\"//ajax.googleapis.com/ajax/libs/angularjs/1.3.6/angular.js\"></script>\u000a    <script src=\"//ajax.googleapis.com/ajax/libs/angularjs/1.3.6/angular-animate.js\"></script>\u000a    <script src=\"//ajax.googleapis.com/ajax/libs/angularjs/1.3.6/angular-aria.js\"></script>\u000a\u000a    <!-- Angular Material Javascript using RawGit to load directly from `bower-material/master` -->\u000a    <script src=\"//rawgit.com/angular/bower-material/master/angular-material.js\"></script>\u000a\u000a  </body>\u000a```\u000a\u000a> Please note that the above RawGit access is intended **ONLY** for development purposes or sharing\u000a  low-traffic, temporary examples or demos with small numbers of people.\u000a","readmeFilename":"README.md","gitHead":"e0f844476014eed2109b2e627e3a8574ddb611c2","_id":"angular-material-builds@0.7.0-rc3","scripts":{},"_shasum":"bc56c921945c689d4ad20eab3b8c74e1b2f9356d","_from":".","_npmVersion":"2.1.17","_nodeVersion":"0.10.32","_npmUser":{"name":"davidsouther","email":"davidsouther@gmail.com"},"maintainers":[{"name":"davidsouther","email":"davidsouther@gmail.com"}],"dist":{"shasum":"bc56c921945c689d4ad20eab3b8c74e1b2f9356d","tarball":"http://registry.npmjs.org/angular-material-builds/-/angular-material-builds-0.7.0-rc3.tgz"}}: angular-material-builds
33 verbose stack     at CachingRegistryClient.<anonymous> (/Users/southerd/.nvm/v0.10.32/lib/node_modules/npm/node_modules/npm-registry-client/lib/request.js:244:14)
33 verbose stack     at Request._callback (/Users/southerd/.nvm/v0.10.32/lib/node_modules/npm/node_modules/npm-registry-client/lib/request.js:172:14)
33 verbose stack     at Request.self.callback (/Users/southerd/.nvm/v0.10.32/lib/node_modules/npm/node_modules/request/request.js:373:22)
33 verbose stack     at Request.emit (events.js:98:17)
33 verbose stack     at Request.<anonymous> (/Users/southerd/.nvm/v0.10.32/lib/node_modules/npm/node_modules/request/request.js:1318:14)
33 verbose stack     at Request.emit (events.js:117:20)
33 verbose stack     at IncomingMessage.<anonymous> (/Users/southerd/.nvm/v0.10.32/lib/node_modules/npm/node_modules/request/request.js:1266:12)
33 verbose stack     at IncomingMessage.emit (events.js:117:20)
33 verbose stack     at _stream_readable.js:943:16
33 verbose stack     at process._tickCallback (node.js:419:13)
34 verbose statusCode 403
35 verbose pkgid angular-material-builds
36 verbose cwd /Users/southerd/devel/southerd/libraries/angular-material-builds
37 error Darwin 14.0.0
38 error argv "node" "/Users/southerd/.nvm/v0.10.32/bin/npm" "publish"
39 error node v0.10.32
40 error npm  v2.1.17
41 error code E403
42 error forbidden cannot modify pre-existing version: 0.7.0-rc3
42 error old={"name":"angular-material-builds","version":"0.7.0-rc3","description":"A build of Angular Material version 0.7.0-rc3 in a format that's friendly for 'npm install angular-material@0.7.0-rc3'","gitHead":"c82dbe8fffa9d2eedafa4937889b92fe9df9801d","_id":"angular-material-builds@0.7.0-rc3","scripts":{},"_shasum":"53a0cc69ced7874e2a5cf404159d0bc41ef7e6b5","_from":".","_npmVersion":"2.1.17","_nodeVersion":"0.10.32","_npmUser":{"name":"davidsouther","email":"davidsouther@gmail.com"},"maintainers":[{"name":"davidsouther","email":"davidsouther@gmail.com"}],"dist":{"shasum":"53a0cc69ced7874e2a5cf404159d0bc41ef7e6b5","tarball":"http://registry.npmjs.org/angular-material-builds/-/angular-material-builds-0.7.0-rc3.tgz"}}
42 error new={"name":"angular-material-builds","version":"0.7.0-rc3","description":"A build of Angular Material version v0.7.0-rc3 in a format that's friendly for 'npm install angular-material@v0.7.0-rc3'","readme":"## bower-material\u000a\u000aThis repository contains the Bower release of [angular-material](https://github.com/angular/material).\u000a\u000a### Installing Angular-Material\u000a\u000aTo install and use the Angular Material distribution files, change to your project's root directory.\u000a\u000a```bash\u000a# To get the latest stable version, use Bower from the command line.\u000abower install angular-material\u000a\u000a# To get the most recent, last committed-to-master version use:\u000abower install angular-material#master \u000a\u000a# To save the bower settings for future use:\u000abower install angular-material --save\u000a\u000a# Later, you can use easily update with:\u000abower update\u000a```\u000a\u000a> Please note that using Angular Material requires **Angular 1.3.x** or higher.\u000a\u000a\u000a### Using the Bower-Material Library\u000a\u000aNow that you have installed [locally] the Angular libraries, simply include the scripts and stylesheet in your main HTML file:\u000a\u000a```html\u000a<!DOCTYPE html>\u000a<html>\u000a<head>\u000a    <meta name=\"viewport\" content=\"initial-scale=1, maximum-scale=1, user-scalable=no\" />\u000a    <link rel=\"stylesheet\" href=\"/bower_components/angular-material/angular-material.css\">\u000a</head>\u000a\u0009<body ng-app=\"YourApp\">\u000a\u000a\u0009<div ng-controller=\"YourController\">\u000a\u000a\u0009</div>\u000a\u000a\u0009<script src=\"/bower_components/angular/angular.js\"></script>\u000a\u0009<script src=\"/bower_components/angular-aria/angular-aria.js\"></script>\u000a\u0009<script src=\"/bower_components/angular-animate/angular-animate.js\"></script>\u000a\u0009<script src=\"/bower_components/hammerjs/hammer.js\"></script>\u000a\u0009<script src=\"/bower_components/angular-material/angular-material.js\"></script>\u000a\u0009<script>\u000a\u000a\u0009\u0009// Include app dependency on ngMaterial\u000a\u000a\u0009\u0009angular.module( 'YourApp', [ 'ngMaterial' ] )\u000a\u0009\u0009\u0009.controller(\"YourController\", YourController );\u000a\u000a\u0009</script>\u000a\u000a</body>\u000a</html>\u000a```\u000a\u000a#### CDN\u000a\u000aCDN versions of Angular Material are now available at [Google Hosted Libraries](https://developers.google.com/speed/libraries/devguide#angularmaterial). \u000a\u000aWith the Google CDN, you will not need to download local copies of the distribution files. Instead simply reference the CDN urls to easily use those remote library files. This is especially useful when using online tools such as CodePen, Plunkr, or jsFiddle.\u000a\u000a```html\u000a  <head>\u000a\u000a    <!-- Angulars Material CSS now available via Google CDN; version 0.6 used here -->\u000a    <link rel=\"stylesheet\" href=\"//ajax.googleapis.com/ajax/libs/angular_material/0.6.1/angular-material.min.css\">\u000a\u000a  </head>\u000a  <body>\u000a  \u000a    <!-- Angular Material Dependencies -->\u000a    <script src=\"//cdn.jsdelivr.net/hammerjs/2.0.4/hammer.min.js\"></script>\u000a    <script src=\"//ajax.googleapis.com/ajax/libs/angularjs/1.3.6/angular.min.js\"></script>\u000a    <script src=\"//ajax.googleapis.com/ajax/libs/angularjs/1.3.6/angular-animate.min.js\"></script>\u000a    <script src=\"//ajax.googleapis.com/ajax/libs/angularjs/1.3.6/angular-aria.min.js\"></script>\u000a    \u000a    <!-- Angular Material Javascript now available via Google CDN; version 0.6 used here -->\u000a    <script src=\"//ajax.googleapis.com/ajax/libs/angular_material/0.6.1/angular-material.min.js\"></script>\u000a    \u000a  </body>\u000a```\u000a\u000a> Note that the above sample references the 0.6.1 CDN release. Your version will change based on the latest stable release version.\u000a\u000aDevelopers seeking the latest, most-current build versions can use [RawGit.com](//rawgit.com) to\u000apull directly from the distribution GitHub\u000a[Bower-Material](https://github.com/angular/bower-material) repository:\u000a\u000a```html\u000a  <head>\u000a\u000a    <!-- Angulars Material CSS using RawGit to load directly from `bower-material/master` -->\u000a    <link rel=\"stylesheet\" href=\"//rawgit.com/angular/bower-material/master/angular-material.css\">\u000a\u000a  </head>\u000a  <body>\u000a\u000a    <!-- Angular Material Dependencies -->\u000a    <script src=\"//cdn.jsdelivr.net/hammerjs/2.0.4/hammer.js\"></script>\u000a    <script src=\"//ajax.googleapis.com/ajax/libs/angularjs/1.3.6/angular.js\"></script>\u000a    <script src=\"//ajax.googleapis.com/ajax/libs/angularjs/1.3.6/angular-animate.js\"></script>\u000a    <script src=\"//ajax.googleapis.com/ajax/libs/angularjs/1.3.6/angular-aria.js\"></script>\u000a\u000a    <!-- Angular Material Javascript using RawGit to load directly from `bower-material/master` -->\u000a    <script src=\"//rawgit.com/angular/bower-material/master/angular-material.js\"></script>\u000a\u000a  </body>\u000a```\u000a\u000a> Please note that the above RawGit access is intended **ONLY** for development purposes or sharing\u000a  low-traffic, temporary examples or demos with small numbers of people.\u000a","readmeFilename":"README.md","gitHead":"e0f844476014eed2109b2e627e3a8574ddb611c2","_id":"angular-material-builds@0.7.0-rc3","scripts":{},"_shasum":"bc56c921945c689d4ad20eab3b8c74e1b2f9356d","_from":".","_npmVersion":"2.1.17","_nodeVersion":"0.10.32","_npmUser":{"name":"davidsouther","email":"davidsouther@gmail.com"},"maintainers":[{"name":"davidsouther","email":"davidsouther@gmail.com"}],"dist":{"shasum":"bc56c921945c689d4ad20eab3b8c74e1b2f9356d","tarball":"http://registry.npmjs.org/angular-material-builds/-/angular-material-builds-0.7.0-rc3.tgz"}}: angular-material-builds
43 error If you need help, you may report this error at:
43 error     <http://github.com/npm/npm/issues>
44 verbose exit [ 1, true ]
